[0.007s] Invoking command in '/home/moenet/moenet2023-Anand/ros2_ws/build/vision': CMAKE_PREFIX_PATH=/opt/ros/humble /usr/bin/cmake --build /home/moenet/moenet2023-Anand/ros2_ws/build/vision -- -j16 -l16
[0.022s] -- Found ament_cmake: 1.3.3 (/opt/ros/humble/share/ament_cmake/cmake)
[0.128s] -- Found rclcpp: 16.0.3 (/opt/ros/humble/share/rclcpp/cmake)
[0.145s] -- Found rosidl_generator_c: 3.1.4 (/opt/ros/humble/share/rosidl_generator_c/cmake)
[0.146s] -- Found rosidl_adapter: 3.1.4 (/opt/ros/humble/share/rosidl_adapter/cmake)
[0.150s] -- Found rosidl_generator_cpp: 3.1.4 (/opt/ros/humble/share/rosidl_generator_cpp/cmake)
[0.156s] -- Using all available rosidl_typesupport_c: rosidl_typesupport_fastrtps_c;rosidl_typesupport_introspection_c
[0.164s] -- Using all available rosidl_typesupport_cpp: rosidl_typesupport_fastrtps_cpp;rosidl_typesupport_introspection_cpp
[0.198s] -- Found rmw_implementation_cmake: 6.1.1 (/opt/ros/humble/share/rmw_implementation_cmake/cmake)
[0.199s] -- Found rmw_fastrtps_cpp: 6.2.2 (/opt/ros/humble/share/rmw_fastrtps_cpp/cmake)
[0.273s] -- Using RMW implementation 'rmw_fastrtps_cpp' as default
[0.375s] -- Found custom_msgs: 0.0.0 (/home/moenet/moenet2023-Anand/ros2_ws/install/custom_msgs/share/custom_msgs/cmake)
[0.385s] -- Found ament_lint_auto: 0.12.5 (/opt/ros/humble/share/ament_lint_auto/cmake)
[0.425s] -- Added test 'cppcheck' to perform static code analysis on C / C++ code
[0.425s] -- Configured cppcheck include dirs: $<BUILD_INTERFACE:/home/moenet/moenet2023-Anand/ros2_ws/src/vision/include>
[0.425s] -- Configured cppcheck exclude dirs and/or files: 
[0.426s] -- Added test 'lint_cmake' to check CMake code style
[0.428s] -- Added test 'uncrustify' to check C / C++ code style
[0.428s] -- Configured uncrustify additional arguments: 
[0.428s] -- Added test 'xmllint' to check XML markup files
[0.429s] -- Configuring done
[0.435s] -- Generating done
[0.435s] -- Build files have been written to: /home/moenet/moenet2023-Anand/ros2_ws/build/vision
[0.450s] [35m[1mConsolidate compiler generated dependencies of target my_node[0m
[0.451s] [35m[1mConsolidate compiler generated dependencies of target camera[0m
[0.457s] [ 50%] Built target my_node
[0.461s] [ 75%] [32mBuilding CXX object CMakeFiles/camera.dir/src/camera.cpp.o[0m
[1.828s] [01m[K/home/moenet/moenet2023-Anand/ros2_ws/src/vision/src/camera.cpp:[m[K In function â€˜[01m[Kstd::string PoseToString(Pose3D)[m[Kâ€™:
[1.828s] [01m[K/home/moenet/moenet2023-Anand/ros2_ws/src/vision/src/camera.cpp:15:1:[m[K [01;35m[Kwarning: [m[Kno return statement in function returning non-void [[01;35m[K]8;;https://gcc.gnu.org/onlinedocs/gcc/Warning-Options.html#index-Wreturn-type-Wreturn-type]8;;[m[K]
[1.829s]    15 | [01;35m[K}[m[K
[1.829s]       | [01;35m[K^[m[K
[1.832s] [01m[K/home/moenet/moenet2023-Anand/ros2_ws/src/vision/src/camera.cpp:[m[K In member function â€˜[01m[Kvoid Camera::update()[m[Kâ€™:
[1.832s] [01m[K/home/moenet/moenet2023-Anand/ros2_ws/src/vision/src/camera.cpp:25:21:[m[K [01;31m[Kerror: [m[Kâ€˜[01m[Kstruct custom_msgs::msg::Pose3D_<std::allocator<void> >[m[Kâ€™ has no member named â€˜[01m[Kdata[m[Kâ€™
[1.833s]    25 |             message.[01;31m[Kdata[m[K = Pose3D{0,0,0,Quaternion{0,0,0,0}};
[1.833s]       |                     [01;31m[K^~~~[m[K
[2.452s] gmake[2]: *** [CMakeFiles/camera.dir/build.make:76: CMakeFiles/camera.dir/src/camera.cpp.o] Error 1
[2.452s] gmake[1]: *** [CMakeFiles/Makefile2:165: CMakeFiles/camera.dir/all] Error 2
[2.452s] gmake: *** [Makefile:146: all] Error 2
[2.454s] Invoked command in '/home/moenet/moenet2023-Anand/ros2_ws/build/vision' returned '2': CMAKE_PREFIX_PATH=/opt/ros/humble /usr/bin/cmake --build /home/moenet/moenet2023-Anand/ros2_ws/build/vision -- -j16 -l16
