[0.005s] Invoking command in '/home/moenet/moenet2023-Anand/ros2_ws/build/vision': AMENT_PREFIX_PATH=/home/moenet/moenet2023-Anand/ros2_ws/install/custom_msgs:${AMENT_PREFIX_PATH} CMAKE_PREFIX_PATH=/home/moenet/moenet2023-Anand/ros2_ws/install/custom_msgs:/opt/ros/humble LD_LIBRARY_PATH=/home/moenet/moenet2023-Anand/ros2_ws/install/custom_msgs/lib:${LD_LIBRARY_PATH} PYTHONPATH=/home/moenet/moenet2023-Anand/ros2_ws/install/custom_msgs/local/lib/python3.10/dist-packages:${PYTHONPATH} /usr/bin/cmake --build /home/moenet/moenet2023-Anand/ros2_ws/build/vision -- -j16 -l16
[0.020s] -- Found ament_cmake: 1.3.3 (/opt/ros/humble/share/ament_cmake/cmake)
[0.103s] -- Found rclcpp: 16.0.3 (/opt/ros/humble/share/rclcpp/cmake)
[0.119s] -- Found rosidl_generator_c: 3.1.4 (/opt/ros/humble/share/rosidl_generator_c/cmake)
[0.120s] -- Found rosidl_adapter: 3.1.4 (/opt/ros/humble/share/rosidl_adapter/cmake)
[0.124s] -- Found rosidl_generator_cpp: 3.1.4 (/opt/ros/humble/share/rosidl_generator_cpp/cmake)
[0.130s] -- Using all available rosidl_typesupport_c: rosidl_typesupport_fastrtps_c;rosidl_typesupport_introspection_c
[0.138s] -- Using all available rosidl_typesupport_cpp: rosidl_typesupport_fastrtps_cpp;rosidl_typesupport_introspection_cpp
[0.171s] -- Found rmw_implementation_cmake: 6.1.1 (/opt/ros/humble/share/rmw_implementation_cmake/cmake)
[0.171s] -- Found rmw_fastrtps_cpp: 6.2.2 (/opt/ros/humble/share/rmw_fastrtps_cpp/cmake)
[0.234s] -- Using RMW implementation 'rmw_fastrtps_cpp' as default
[0.323s] -- Found custom_msgs: 0.0.0 (/home/moenet/moenet2023-Anand/ros2_ws/install/custom_msgs/share/custom_msgs/cmake)
[0.333s] -- Found ament_lint_auto: 0.12.5 (/opt/ros/humble/share/ament_lint_auto/cmake)
[0.374s] -- Added test 'cppcheck' to perform static code analysis on C / C++ code
[0.374s] -- Configured cppcheck include dirs: $<BUILD_INTERFACE:/home/moenet/moenet2023-Anand/ros2_ws/src/vision/include>
[0.374s] -- Configured cppcheck exclude dirs and/or files: 
[0.374s] -- Added test 'lint_cmake' to check CMake code style
[0.376s] -- Added test 'uncrustify' to check C / C++ code style
[0.377s] -- Configured uncrustify additional arguments: 
[0.377s] -- Added test 'xmllint' to check XML markup files
[0.377s] -- Configuring done
[0.383s] -- Generating done
[0.384s] -- Build files have been written to: /home/moenet/moenet2023-Anand/ros2_ws/build/vision
[0.399s] [35m[1mConsolidate compiler generated dependencies of target my_node[0m
[0.399s] [35m[1mConsolidate compiler generated dependencies of target camera[0m
[0.405s] [ 50%] Built target my_node
[0.409s] [ 75%] [32mBuilding CXX object CMakeFiles/camera.dir/src/camera.cpp.o[0m
[1.785s] [01m[K/home/moenet/moenet2023-Anand/ros2_ws/src/vision/src/camera.cpp:[m[K In function â€˜[01m[Kstd::string PoseToString(Pose3D)[m[Kâ€™:
[1.785s] [01m[K/home/moenet/moenet2023-Anand/ros2_ws/src/vision/src/camera.cpp:15:1:[m[K [01;35m[Kwarning: [m[Kno return statement in function returning non-void [[01;35m[K]8;;https://gcc.gnu.org/onlinedocs/gcc/Warning-Options.html#index-Wreturn-type-Wreturn-type]8;;[m[K]
[1.785s]    15 | [01;35m[K}[m[K
[1.785s]       | [01;35m[K^[m[K
[1.789s] [01m[K/home/moenet/moenet2023-Anand/ros2_ws/src/vision/src/camera.cpp:[m[K In member function â€˜[01m[Kvoid Camera::update()[m[Kâ€™:
[1.789s] [01m[K/home/moenet/moenet2023-Anand/ros2_ws/src/vision/src/camera.cpp:25:55:[m[K [01;31m[Kerror: [m[Kno match for â€˜[01m[Koperator=[m[Kâ€™ (operand types are â€˜[01m[Kcustom_msgs::msg::Pose3D_<std::allocator<void> >[m[Kâ€™ and â€˜[01m[KPose3D[m[Kâ€™)
[1.789s]    25 |             message = Pose3D{0,0,0,Quaternion{0,0,0,0}[01;31m[K}[m[K;
[1.789s]       |                                                       [01;31m[K^[m[K
[1.789s] In file included from [01m[K/home/moenet/moenet2023-Anand/ros2_ws/install/custom_msgs/include/custom_msgs/custom_msgs/msg/detail/pose3_d_stamped__struct.hpp:20[m[K,
[1.789s]                  from [01m[K/home/moenet/moenet2023-Anand/ros2_ws/install/custom_msgs/include/custom_msgs/custom_msgs/msg/pose3_d_stamped.hpp:7[m[K,
[1.789s]                  from [01m[K/home/moenet/moenet2023-Anand/ros2_ws/src/vision/src/camera.cpp:3[m[K:
[1.789s] [01m[K/home/moenet/moenet2023-Anand/ros2_ws/install/custom_msgs/include/custom_msgs/custom_msgs/msg/detail/pose3_d__struct.hpp:36:8:[m[K [01;36m[Knote: [m[Kcandidate: â€˜[01m[Kconstexpr custom_msgs::msg::Pose3D_<std::allocator<void> >& custom_msgs::msg::Pose3D_<std::allocator<void> >::operator=(const custom_msgs::msg::Pose3D_<std::allocator<void> >&)[m[Kâ€™
[1.790s]    36 | struct [01;36m[KPose3D_[m[K
[1.790s]       |        [01;36m[K^~~~~~~[m[K
[1.790s] [01m[K/home/moenet/moenet2023-Anand/ros2_ws/install/custom_msgs/include/custom_msgs/custom_msgs/msg/detail/pose3_d__struct.hpp:36:8:[m[K [01;36m[Knote: [m[K  no known conversion for argument 1 from â€˜[01m[KPose3D[m[Kâ€™ to â€˜[01m[Kconst custom_msgs::msg::Pose3D_<std::allocator<void> >&[m[Kâ€™
[1.790s] [01m[K/home/moenet/moenet2023-Anand/ros2_ws/install/custom_msgs/include/custom_msgs/custom_msgs/msg/detail/pose3_d__struct.hpp:36:8:[m[K [01;36m[Knote: [m[Kcandidate: â€˜[01m[Kconstexpr custom_msgs::msg::Pose3D_<std::allocator<void> >& custom_msgs::msg::Pose3D_<std::allocator<void> >::operator=(custom_msgs::msg::Pose3D_<std::allocator<void> >&&)[m[Kâ€™
[1.790s] [01m[K/home/moenet/moenet2023-Anand/ros2_ws/install/custom_msgs/include/custom_msgs/custom_msgs/msg/detail/pose3_d__struct.hpp:36:8:[m[K [01;36m[Knote: [m[K  no known conversion for argument 1 from â€˜[01m[KPose3D[m[Kâ€™ to â€˜[01m[Kcustom_msgs::msg::Pose3D_<std::allocator<void> >&&[m[Kâ€™
[2.406s] gmake[2]: *** [CMakeFiles/camera.dir/build.make:76: CMakeFiles/camera.dir/src/camera.cpp.o] Error 1
[2.406s] gmake[1]: *** [CMakeFiles/Makefile2:165: CMakeFiles/camera.dir/all] Error 2
[2.406s] gmake: *** [Makefile:146: all] Error 2
[2.409s] Invoked command in '/home/moenet/moenet2023-Anand/ros2_ws/build/vision' returned '2': AMENT_PREFIX_PATH=/home/moenet/moenet2023-Anand/ros2_ws/install/custom_msgs:${AMENT_PREFIX_PATH} CMAKE_PREFIX_PATH=/home/moenet/moenet2023-Anand/ros2_ws/install/custom_msgs:/opt/ros/humble LD_LIBRARY_PATH=/home/moenet/moenet2023-Anand/ros2_ws/install/custom_msgs/lib:${LD_LIBRARY_PATH} PYTHONPATH=/home/moenet/moenet2023-Anand/ros2_ws/install/custom_msgs/local/lib/python3.10/dist-packages:${PYTHONPATH} /usr/bin/cmake --build /home/moenet/moenet2023-Anand/ros2_ws/build/vision -- -j16 -l16
