[0.005s] Invoking command in '/home/moenet/moenet2023-Anand/ros2_ws/build/vision': AMENT_PREFIX_PATH=/home/moenet/moenet2023-Anand/ros2_ws/install/custom_msgs:${AMENT_PREFIX_PATH} CMAKE_PREFIX_PATH=/home/moenet/moenet2023-Anand/ros2_ws/install/custom_msgs:/opt/ros/humble LD_LIBRARY_PATH=/home/moenet/moenet2023-Anand/ros2_ws/install/custom_msgs/lib:${LD_LIBRARY_PATH} PYTHONPATH=/home/moenet/moenet2023-Anand/ros2_ws/install/custom_msgs/local/lib/python3.10/dist-packages:${PYTHONPATH} /usr/bin/cmake --build /home/moenet/moenet2023-Anand/ros2_ws/build/vision -- -j16 -l16
[0.029s] [35m[1mConsolidate compiler generated dependencies of target my_node[0m
[0.029s] [35m[1mConsolidate compiler generated dependencies of target camera[0m
[0.036s] [ 50%] Built target my_node
[0.040s] [ 75%] [32mBuilding CXX object CMakeFiles/camera.dir/src/camera.cpp.o[0m
[1.466s] [01m[K/home/moenet/moenet2023-Anand/ros2_ws/src/vision/src/camera.cpp:[m[K In function â€˜[01m[Kstd::string PoseToString(Pose3D)[m[Kâ€™:
[1.466s] [01m[K/home/moenet/moenet2023-Anand/ros2_ws/src/vision/src/camera.cpp:15:1:[m[K [01;35m[Kwarning: [m[Kno return statement in function returning non-void [[01;35m[K]8;;https://gcc.gnu.org/onlinedocs/gcc/Warning-Options.html#index-Wreturn-type-Wreturn-type]8;;[m[K]
[1.466s]    15 | [01;35m[K}[m[K
[1.466s]       | [01;35m[K^[m[K
[1.470s] [01m[K/home/moenet/moenet2023-Anand/ros2_ws/src/vision/src/camera.cpp:[m[K In member function â€˜[01m[Kvoid Camera::update()[m[Kâ€™:
[1.470s] [01m[K/home/moenet/moenet2023-Anand/ros2_ws/src/vision/src/camera.cpp:25:21:[m[K [01;31m[Kerror: [m[Kâ€˜[01m[Kstruct custom_msgs::msg::Pose3D_<std::allocator<void> >[m[Kâ€™ has no member named â€˜[01m[Kdata[m[Kâ€™
[1.470s]    25 |             message.[01;31m[Kdata[m[K = Pose3D{0,0,0,Quaternion{0,0,0,0}};
[1.470s]       |                     [01;31m[K^~~~[m[K
[2.109s] gmake[2]: *** [CMakeFiles/camera.dir/build.make:76: CMakeFiles/camera.dir/src/camera.cpp.o] Error 1
[2.109s] gmake[1]: *** [CMakeFiles/Makefile2:165: CMakeFiles/camera.dir/all] Error 2
[2.109s] gmake: *** [Makefile:146: all] Error 2
[2.112s] Invoked command in '/home/moenet/moenet2023-Anand/ros2_ws/build/vision' returned '2': AMENT_PREFIX_PATH=/home/moenet/moenet2023-Anand/ros2_ws/install/custom_msgs:${AMENT_PREFIX_PATH} CMAKE_PREFIX_PATH=/home/moenet/moenet2023-Anand/ros2_ws/install/custom_msgs:/opt/ros/humble LD_LIBRARY_PATH=/home/moenet/moenet2023-Anand/ros2_ws/install/custom_msgs/lib:${LD_LIBRARY_PATH} PYTHONPATH=/home/moenet/moenet2023-Anand/ros2_ws/install/custom_msgs/local/lib/python3.10/dist-packages:${PYTHONPATH} /usr/bin/cmake --build /home/moenet/moenet2023-Anand/ros2_ws/build/vision -- -j16 -l16
